[debug] [2022-06-19T09:41:37.262Z] ----------------------------------------------------------------------
[debug] [2022-06-19T09:41:37.264Z] Command:       /home/hedgehog/.nvm/versions/node/v17.4.0/bin/node /home/hedgehog/.nvm/versions/node/v17.4.0/bin/firebase init
[debug] [2022-06-19T09:41:37.265Z] CLI Version:   11.1.0
[debug] [2022-06-19T09:41:37.265Z] Platform:      linux
[debug] [2022-06-19T09:41:37.265Z] Node Version:  v17.4.0
[debug] [2022-06-19T09:41:37.266Z] Time:          Sun Jun 19 2022 17:41:37 GMT+0800 (Singapore Standard Time)
[debug] [2022-06-19T09:41:37.266Z] ----------------------------------------------------------------------
[debug] 
[debug] [2022-06-19T09:41:37.272Z] > command requires scopes: ["email","openid","https://www.googleapis.com/auth/cloudplatformprojects.readonly","https://www.googleapis.com/auth/firebase","https://www.googleapis.com/auth/cloud-platform"]
[debug] [2022-06-19T09:41:37.273Z] > authorizing via signed-in user (larby2409@gmail.com)
[info] 
     ######## #### ########  ######## ########     ###     ######  ########
     ##        ##  ##     ## ##       ##     ##  ##   ##  ##       ##
     ######    ##  ########  ######   ########  #########  ######  ######
     ##        ##  ##    ##  ##       ##     ## ##     ##       ## ##
     ##       #### ##     ## ######## ########  ##     ##  ######  ########

You're about to initialize a Firebase project in this directory:

  /home/hedgehog/apps/personal/the3hsnkblog

[info] 
=== Project Setup
[info] 
[info] First, let's associate this project directory with a Firebase project.
[info] You can create multiple project aliases by running firebase use --add, 
[info] but for now we'll just set up a default project.
[info] 
[debug] [2022-06-19T09:42:22.781Z] >>> [apiv2][query] GET https://firebase.googleapis.com/v1beta1/projects pageSize=100
[debug] [2022-06-19T09:42:23.432Z] <<< [apiv2][status] GET https://firebase.googleapis.com/v1beta1/projects 200
[debug] [2022-06-19T09:42:23.432Z] <<< [apiv2][body] GET https://firebase.googleapis.com/v1beta1/projects [omitted]
[info] i  Using project hsnk-91c33 (3HSNK) 
[info] 
=== Hosting Setup
[info] 
[info] Your public directory is the folder (relative to your project directory) that
[info] will contain Hosting assets to be uploaded with firebase deploy. If you
[info] have a build process for your assets, use your build's output directory.
[info] 
[info] i  Skipping write of public/404.html 
[debug] [2022-06-19T09:43:41.557Z] >>> [apiv2][query] GET https://www.gstatic.com/firebasejs/releases.json [none]
[debug] [2022-06-19T09:43:41.616Z] <<< [apiv2][status] GET https://www.gstatic.com/firebasejs/releases.json 200
[debug] [2022-06-19T09:43:41.617Z] <<< [apiv2][body] GET https://www.gstatic.com/firebasejs/releases.json {"current":{"version":"9.8.3","browserURL":"https://www.gstatic.com/firebasejs/9.8.3/firebase.js","packageURL":"https://www.gstatic.com/firebasejs/9.8.3/firebase.tgz"},"live":{"version":"9.8","browserURL":"https://www.gstatic.com/firebasejs/live/9.8/firebase.js","packageURL":"https://www.gstatic.com/firebasejs/live/9.8/firebase.tgz"},"components":{"analytics":"https://www.gstatic.com/firebasejs/9.8.3/firebase-analytics.js","app":"https://www.gstatic.com/firebasejs/9.8.3/firebase-app.js","app-check":"https://www.gstatic.com/firebasejs/9.8.3/firebase-app-check.js","auth":"https://www.gstatic.com/firebasejs/9.8.3/firebase-auth.js","auth/cordova":"https://www.gstatic.com/firebasejs/9.8.3/firebase-auth/cordova.js","auth/react-native":"https://www.gstatic.com/firebasejs/9.8.3/firebase-auth/react-native.js","functions":"https://www.gstatic.com/firebasejs/9.8.3/firebase-functions.js","firestore":"https://www.gstatic.com/firebasejs/9.8.3/firebase-firestore.js","firestore/lite":"https://www.gstatic.com/firebasejs/9.8.3/firebase-firestore/lite.js","storage":"https://www.gstatic.com/firebasejs/9.8.3/firebase-storage.js","performance":"https://www.gstatic.com/firebasejs/9.8.3/firebase-performance.js","remote-config":"https://www.gstatic.com/firebasejs/9.8.3/firebase-remote-config.js","messaging":"https://www.gstatic.com/firebasejs/9.8.3/firebase-messaging.js","messaging/sw":"https://www.gstatic.com/firebasejs/9.8.3/firebase-messaging/sw.js","database":"https://www.gstatic.com/firebasejs/9.8.3/firebase-database.js","firestore.memory":"https://www.gstatic.com/firebasejs/9.8.3/firebase-firestore.memory.js"}}
[info] i  Skipping write of public/index.html 
[info] 
[info] i  Detected a .git folder at /home/hedgehog/apps/personal/the3hsnkblog 
[info] i  Authorizing with GitHub to upload your service account to a GitHub repository's secrets store. 
[info] 
[info] Visit this URL on this device to log in:
[info] https://github.com/login/oauth/authorize?client_id=89cf50f02ac6aaed3484&state=603738251&redirect_uri=http%3A%2F%2Flocalhost%3A9005&scope=read%3Auser%20repo%20public_repo
[info] 
[info] Waiting for authentication...
[debug] [2022-06-19T09:43:52.889Z] >>> [apiv2][query] POST https://github.com/login/oauth/access_token [none]
[debug] [2022-06-19T09:43:52.889Z] >>> [apiv2][body] POST https://github.com/login/oauth/access_token [stream]
[debug] [2022-06-19T09:43:53.246Z] <<< [apiv2][status] POST https://github.com/login/oauth/access_token 200
[debug] [2022-06-19T09:43:53.246Z] <<< [apiv2][body] POST https://github.com/login/oauth/access_token {"access_token":"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","token_type":"bearer","scope":"read:user,repo"}
[debug] [2022-06-19T09:43:53.254Z] >>> [apiv2][query] GET https://api.github.com/user [none]
[debug] [2022-06-19T09:43:53.677Z] <<< [apiv2][status] GET https://api.github.com/user 200
[debug] [2022-06-19T09:43:53.678Z] <<< [apiv2][body] GET https://api.github.com/user {"login":"IntrovertHedgehog","id":63009710,"node_id":"MDQ6VXNlcjYzMDA5NzEw","avatar_url":"https://avatars.githubusercontent.com/u/63009710?v=4","gravatar_id":"","url":"https://api.github.com/users/IntrovertHedgehog","html_url":"https://github.com/IntrovertHedgehog","followers_url":"https://api.github.com/users/IntrovertHedgehog/followers","following_url":"https://api.github.com/users/IntrovertHedgehog/following{/other_user}","gists_url":"https://api.github.com/users/IntrovertHedgehog/gists{/gist_id}","starred_url":"https://api.github.com/users/IntrovertHedgehog/starred{/owner}{/repo}","subscriptions_url":"https://api.github.com/users/IntrovertHedgehog/subscriptions","organizations_url":"https://api.github.com/users/IntrovertHedgehog/orgs","repos_url":"https://api.github.com/users/IntrovertHedgehog/repos","events_url":"https://api.github.com/users/IntrovertHedgehog/events{/privacy}","received_events_url":"https://api.github.com/users/IntrovertHedgehog/received_events","type":"User","site_admin":false,"name":"IntrovertHedgehog","company":null,"blog":"","location":"Singapore","email":null,"hireable":null,"bio":"haha hedgehog typin' da key","twitter_username":null,"public_repos":9,"public_gists":1,"followers":5,"following":5,"created_at":"2020-04-01T16:26:04Z","updated_at":"2022-05-25T03:12:30Z","private_gists":0,"total_private_repos":2,"owned_private_repos":2,"disk_usage":145608,"collaborators":4,"two_factor_authentication":false,"plan":{"name":"pro","space":976562499,"collaborators":0,"private_repos":9999}}
[info] 
[info] ✔  Success! Logged into GitHub as IntrovertHedgehog 
[info] 
